<?xml version="1.0" encoding="UTF-8"?>
<!-- Generated by org.testng.reporters.JUnitXMLReporter -->
<testsuite hostname="LAPTOP-O7SD66MO" ignored="0" name="CGPAComparision" tests="6" failures="1" timestamp="2020-10-09T16:26:34 IST" time="117.084" errors="0">
  <testcase name="LoggingIn" time="39.273" classname="com.PG.Tests.CGPAComparision"/>
  <testcase name="TenthObtainedCGPAMarkShouldNotBeGreaterThanMaximumMark" time="25.129" classname="com.PG.Tests.CGPAComparision"/>
  <testcase name="TwelthObtainedCGPAShouldNotBeGreaterThanMaxCGPA" time="6.898" classname="com.PG.Tests.CGPAComparision"/>
  <testcase name="GraduateObtainedCGPAShouldNotBeGreaterThanMaxCGPA" time="9.405" classname="com.PG.Tests.CGPAComparision"/>
  <testcase name="ObtainedCGPAShouldBeLessThanMaxCGPA" time="13.897" classname="com.PG.Tests.CGPAComparision"/>
  <testcase name="ObtainedCGPAIsEqualToMaxCGPA" time="13.77" classname="com.PG.Tests.CGPAComparision">
    <failure type="org.openqa.selenium.ElementClickInterceptedException" message="element click intercepted: Element &amp;lt;input type=&amp;quot;submit&amp;quot; name=&amp;quot;btnADD&amp;quot; value=&amp;quot;ADD&amp;quot; onclick=&amp;quot;return  AddSubject();&amp;quot; id=&amp;quot;btnADD&amp;quot; class=&amp;quot;btn btn-primary btn-sm&amp;quot; style=&amp;quot;float: left;&amp;quot;&amp;gt; is not clickable at point (924, 354). Other element would receive the click: &amp;lt;div id=&amp;quot;popup_panel&amp;quot;&amp;gt;...&amp;lt;/div&amp;gt;
  (Session info: chrome=85.0.4183.121)
Build info: version: &amp;apos;3.141.59&amp;apos;, revision: &amp;apos;e82be7d358&amp;apos;, time: &amp;apos;2018-11-14T08:17:03&amp;apos;
System info: host: &amp;apos;LAPTOP-O7SD66MO&amp;apos;, ip: &amp;apos;192.168.0.100&amp;apos;, os.name: &amp;apos;Windows 10&amp;apos;, os.arch: &amp;apos;amd64&amp;apos;, os.version: &amp;apos;10.0&amp;apos;, java.version: &amp;apos;1.8.0_241&amp;apos;
Driver info: org.openqa.selenium.chrome.ChromeDriver
Capabilities {acceptInsecureCerts: false, browserName: chrome, browserVersion: 85.0.4183.121, chrome: {chromedriverVersion: 85.0.4183.87 (cd6713ebf92fa..., userDataDir: C:\Users\user\AppData\Local...}, goog:chromeOptions: {debuggerAddress: localhost:61253}, javascriptEnabled: true, networkConnectionEnabled: false, pageLoadStrategy: normal, platform: WINDOWS, platformName: WINDOWS, proxy: Proxy(), setWindowRect: true, strictFileInteractability: false, timeouts: {implicit: 0, pageLoad: 300000, script: 30000}, unhandledPromptBehavior: dismiss and notify, webauthn:virtualAuthenticators: true}
Session ID: e74b00173504e867cfb852fc4cc3d1f0">
      <![CDATA[org.openqa.selenium.ElementClickInterceptedException: element click intercepted: Element <input type="submit" name="btnADD" value="ADD" onclick="return  AddSubject();" id="btnADD" class="btn btn-primary btn-sm" style="float: left;"> is not clickable at point (924, 354). Other element would receive the click: <div id="popup_panel">...</div>
  (Session info: chrome=85.0.4183.121)
Build info: version: '3.141.59', revision: 'e82be7d358', time: '2018-11-14T08:17:03'
System info: host: 'LAPTOP-O7SD66MO', ip: '192.168.0.100', os.name: 'Windows 10', os.arch: 'amd64', os.version: '10.0', java.version: '1.8.0_241'
Driver info: org.openqa.selenium.chrome.ChromeDriver
Capabilities {acceptInsecureCerts: false, browserName: chrome, browserVersion: 85.0.4183.121, chrome: {chromedriverVersion: 85.0.4183.87 (cd6713ebf92fa..., userDataDir: C:\Users\user\AppData\Local...}, goog:chromeOptions: {debuggerAddress: localhost:61253}, javascriptEnabled: true, networkConnectionEnabled: false, pageLoadStrategy: normal, platform: WINDOWS, platformName: WINDOWS, proxy: Proxy(), setWindowRect: true, strictFileInteractability: false, timeouts: {implicit: 0, pageLoad: 300000, script: 30000}, unhandledPromptBehavior: dismiss and notify, webauthn:virtualAuthenticators: true}
Session ID: e74b00173504e867cfb852fc4cc3d1f0
at org.openqa.selenium.remote.http.W3CHttpResponseCodec.createException(W3CHttpResponseCodec.java:187)
at org.openqa.selenium.remote.http.W3CHttpResponseCodec.decode(W3CHttpResponseCodec.java:122)
at org.openqa.selenium.remote.http.W3CHttpResponseCodec.decode(W3CHttpResponseCodec.java:49)
at org.openqa.selenium.remote.HttpCommandExecutor.execute(HttpCommandExecutor.java:158)
at org.openqa.selenium.remote.service.DriverCommandExecutor.execute(DriverCommandExecutor.java:83)
at org.openqa.selenium.remote.RemoteWebDriver.execute(RemoteWebDriver.java:552)
at org.openqa.selenium.remote.RemoteWebElement.execute(RemoteWebElement.java:285)
at org.openqa.selenium.remote.RemoteWebElement.click(RemoteWebElement.java:84)
at com.PG.Tests.CGPAComparision.ObtainedCGPAIsEqualToMaxCGPA(CGPAComparision.java:438)
at java.util.ArrayList.forEach(Unknown Source)
... Removed 31 stack frames]]>
    </failure>
  </testcase> <!-- ObtainedCGPAIsEqualToMaxCGPA -->
</testsuite> <!-- CGPAComparision -->
